





Starting... (16/4/2009 16:52:33)
Provider: System.Data.SqlClient
Tables valid for domain objects: 11
Generating class for table <Categories>...
Generating mapping file for table <Categories>...
Generating class for table <Customers>...
Generating mapping file for table <Customers>...
Generating class for table <Shippers>...
Generating mapping file for table <Shippers>...
Generating class for table <Suppliers>...
Generating mapping file for table <Suppliers>...
Generating class for table <Orders>...
Generating mapping file for table <Orders>...
Generating class for table <Products>...
Generating mapping file for table <Products>...
Generating class for table <Order Details>...
Generating mapping file for table <Order Details>...
Generating class for table <CustomerDemographics>...
Generating mapping file for table <CustomerDemographics>...
Generating class for table <Region>...
Generating mapping file for table <Region>...
Generating class for table <Territories>...
Generating mapping file for table <Territories>...
Generating class for table <Employees>...
Generating mapping file for table <Employees>...
Ended... (16/4/2009 16:52:33)
